AppGroup/KoobeeCenter/KoobeeCenter_pepsi/proguard/mapping.txt
android.support.v4.util.SimpleArrayMap -> android.support.v4.util.SimpleArrayMap:
    boolean DEBUG -> DEBUG
    java.lang.String TAG -> TAG
    int BASE_SIZE -> BASE_SIZE
    int CACHE_SIZE -> CACHE_SIZE
    java.lang.Object[] mBaseCache -> mBaseCache
    int mBaseCacheSize -> mBaseCacheSize
    java.lang.Object[] mTwiceBaseCache -> mTwiceBaseCache
    int mTwiceBaseCacheSize -> mTwiceBaseCacheSize
    int[] mHashes -> mHashes
    java.lang.Object[] mArray -> mArray
    int mSize -> mSize
    int indexOf(java.lang.Object,int) -> indexOf
    int indexOfNull() -> indexOfNull
    void allocArrays(int) -> allocArrays
    void freeArrays(int[],java.lang.Object[],int) -> freeArrays
    void clear() -> clear
    void ensureCapacity(int) -> ensureCapacity
    boolean containsKey(java.lang.Object) -> containsKey
    int indexOfKey(java.lang.Object) -> indexOfKey
    int indexOfValue(java.lang.Object) -> indexOfValue
    boolean containsValue(java.lang.Object) -> containsValue
    java.lang.Object get(java.lang.Object) -> get
    java.lang.Object keyAt(int) -> keyAt
    java.lang.Object valueAt(int) -> valueAt
    java.lang.Object setValueAt(int,java.lang.Object) -> setValueAt
    boolean isEmpty() -> isEmpty
    java.lang.Object put(java.lang.Object,java.lang.Object) -> put
    void putAll(android.support.v4.util.SimpleArrayMap) -> putAll
    java.lang.Object remove(java.lang.Object) -> remove
    java.lang.Object removeAt(int) -> removeAt
    int size() -> size
android.support.v4.util.SparseArrayCompat -> android.support.v4.util.SparseArrayCompat:
    java.lang.Object DELETED -> DELETED
    boolean mGarbage -> mGarbage
    int[] mKeys -> mKeys
    java.lang.Object[] mValues -> mValues
    int mSize -> mSize
    android.support.v4.util.SparseArrayCompat clone() -> clone
    java.lang.Object get(int) -> get
    java.lang.Object get(int,java.lang.Object) -> get
    void delete(int) -> delete
    void remove(int) -> remove
    void removeAt(int) -> removeAt
    void removeAtRange(int,int) -> removeAtRange
    void gc() -> gc
    void put(int,java.lang.Object) -> put
    int size() -> size
    int keyAt(int) -> keyAt
    java.lang.Object valueAt(int) -> valueAt
    void setValueAt(int,java.lang.Object) -> setValueAt
    int indexOfKey(int) -> indexOfKey
    int indexOfValue(java.lang.Object) -> indexOfValue
    void clear() -> clear
    void append(int,java.lang.Object) -> append
    java.lang.String toString() -> toString
    java.lang.Object clone() -> clone
android.support.v4.util.TimeUtils -> android.support.v4.util.TimeUtils:
    int HUNDRED_DAY_FIELD_LEN -> HUNDRED_DAY_FIELD_LEN
    int SECONDS_PER_MINUTE -> SECONDS_PER_MINUTE
    int SECONDS_PER_HOUR -> SECONDS_PER_HOUR
    int SECONDS_PER_DAY -> SECONDS_PER_DAY
    java.lang.Object sFormatSync -> sFormatSync
    char[] sFormatStr -> sFormatStr
    int accumField(int,int,boolean,int) -> accumField
    int printField(char[],int,char,int,boolean,int) -> printField
    int formatDurationLocked(long,int) -> formatDurationLocked
    void formatDuration(long,java.lang.StringBuilder) -> formatDuration
    void formatDuration(long,java.io.PrintWriter,int) -> formatDuration
    void formatDuration(long,java.io.PrintWriter) -> formatDuration
    void formatDuration(long,long,java.io.PrintWriter) -> formatDuration